::1 - - [28/Aug/2012:00:01:20 -0700] "GET /index.html HTTP/1.1" 403 1046 "-" "Mozilla/5.0 (X11; Linux x86_64) AppleWebKit/536.11 (KHTML, like Gecko) Chrome/20.0.1132.57 Safari/536.11"
::1 - - [28/Aug/2012:00:01:20 -0700] "GET /favicon.ico HTTP/1.1" 403 1046 "-" "Mozilla/5.0 (X11; Linux x86_64) AppleWebKit/536.11 (KHTML, like Gecko) Chrome/20.0.1132.57 Safari/536.11"
::1 - - [28/Aug/2012:00:01:23 -0700] "GET /index.html HTTP/1.1" 403 1046 "-" "Mozilla/5.0 (X11; Linux x86_64) AppleWebKit/536.11 (KHTML, like Gecko) Chrome/20.0.1132.57 Safari/536.11"
::1 - - [28/Aug/2012:00:01:23 -0700] "GET /favicon.ico HTTP/1.1" 403 1046 "-" "Mozilla/5.0 (X11; Linux x86_64) AppleWebKit/536.11 (KHTML, like Gecko) Chrome/20.0.1132.57 Safari/536.11"
::1 - - [28/Aug/2012:00:01:23 -0700] "GET /index.html HTTP/1.1" 403 1046 "-" "Mozilla/5.0 (X11; Linux x86_64) AppleWebKit/536.11 (KHTML, like Gecko) Chrome/20.0.1132.57 Safari/536.11"
::1 - - [28/Aug/2012:00:01:23 -0700] "GET /favicon.ico HTTP/1.1" 403 1046 "-" "Mozilla/5.0 (X11; Linux x86_64) AppleWebKit/536.11 (KHTML, like Gecko) Chrome/20.0.1132.57 Safari/536.11"
::1 - - [28/Aug/2012:00:01:23 -0700] "GET /index.html HTTP/1.1" 403 1046 "-" "Mozilla/5.0 (X11; Linux x86_64) AppleWebKit/536.11 (KHTML, like Gecko) Chrome/20.0.1132.57 Safari/536.11"
::1 - - [28/Aug/2012:00:01:23 -0700] "GET /favicon.ico HTTP/1.1" 403 1046 "-" "Mozilla/5.0 (X11; Linux x86_64) AppleWebKit/536.11 (KHTML, like Gecko) Chrome/20.0.1132.57 Safari/536.11"
::1 - - [28/Aug/2012:00:01:24 -0700] "GET /index.html HTTP/1.1" 403 1046 "-" "Mozilla/5.0 (X11; Linux x86_64) AppleWebKit/536.11 (KHTML, like Gecko) Chrome/20.0.1132.57 Safari/536.11"
::1 - - [28/Aug/2012:00:01:24 -0700] "GET /favicon.ico HTTP/1.1" 403 1046 "-" "Mozilla/5.0 (X11; Linux x86_64) AppleWebKit/536.11 (KHTML, like Gecko) Chrome/20.0.1132.57 Safari/536.11"
::1 - - [28/Aug/2012:00:01:24 -0700] "GET /index.html HTTP/1.1" 403 1046 "-" "Mozilla/5.0 (X11; Linux x86_64) AppleWebKit/536.11 (KHTML, like Gecko) Chrome/20.0.1132.57 Safari/536.11"
::1 - - [28/Aug/2012:00:01:24 -0700] "GET /favicon.ico HTTP/1.1" 403 1046 "-" "Mozilla/5.0 (X11; Linux x86_64) AppleWebKit/536.11 (KHTML, like Gecko) Chrome/20.0.1132.57 Safari/536.11"
::1 - - [28/Aug/2012:00:01:29 -0700] "GET /index.html HTTP/1.1" 403 1046 "-" "Mozilla/5.0 (X11; Linux x86_64) AppleWebKit/536.11 (KHTML, like Gecko) Chrome/20.0.1132.57 Safari/536.11"
::1 - - [28/Aug/2012:00:01:29 -0700] "GET /favicon.ico HTTP/1.1" 403 1046 "-" "Mozilla/5.0 (X11; Linux x86_64) AppleWebKit/536.11 (KHTML, like Gecko) Chrome/20.0.1132.57 Safari/536.11"
::1 - - [28/Aug/2012:00:01:30 -0700] "GET /index.html HTTP/1.1" 403 1046 "-" "Mozilla/5.0 (X11; Linux x86_64) AppleWebKit/536.11 (KHTML, like Gecko) Chrome/20.0.1132.57 Safari/536.11"
::1 - - [28/Aug/2012:00:01:30 -0700] "GET /favicon.ico HTTP/1.1" 403 1046 "-" "Mozilla/5.0 (X11; Linux x86_64) AppleWebKit/536.11 (KHTML, like Gecko) Chrome/20.0.1132.57 Safari/536.11"
::1 - - [28/Aug/2012:00:01:30 -0700] "GET /index.html HTTP/1.1" 403 1046 "-" "Mozilla/5.0 (X11; Linux x86_64) AppleWebKit/536.11 (KHTML, like Gecko) Chrome/20.0.1132.57 Safari/536.11"
::1 - - [28/Aug/2012:00:01:30 -0700] "GET /favicon.ico HTTP/1.1" 403 1046 "-" "Mozilla/5.0 (X11; Linux x86_64) AppleWebKit/536.11 (KHTML, like Gecko) Chrome/20.0.1132.57 Safari/536.11"
::1 - - [28/Aug/2012:00:02:10 -0700] "GET /index.html HTTP/1.1" 403 1046 "-" "Mozilla/5.0 (X11; Linux x86_64) AppleWebKit/536.11 (KHTML, like Gecko) Chrome/20.0.1132.57 Safari/536.11"
::1 - - [28/Aug/2012:00:02:10 -0700] "GET /favicon.ico HTTP/1.1" 403 1046 "-" "Mozilla/5.0 (X11; Linux x86_64) AppleWebKit/536.11 (KHTML, like Gecko) Chrome/20.0.1132.57 Safari/536.11"
::1 - - [28/Aug/2012:00:02:11 -0700] "GET /index.html HTTP/1.1" 403 1046 "-" "Mozilla/5.0 (X11; Linux x86_64) AppleWebKit/536.11 (KHTML, like Gecko) Chrome/20.0.1132.57 Safari/536.11"
::1 - - [28/Aug/2012:00:02:11 -0700] "GET /favicon.ico HTTP/1.1" 403 1046 "-" "Mozilla/5.0 (X11; Linux x86_64) AppleWebKit/536.11 (KHTML, like Gecko) Chrome/20.0.1132.57 Safari/536.11"
::1 - - [28/Aug/2012:00:02:11 -0700] "GET /index.html HTTP/1.1" 403 1046 "-" "Mozilla/5.0 (X11; Linux x86_64) AppleWebKit/536.11 (KHTML, like Gecko) Chrome/20.0.1132.57 Safari/536.11"
::1 - - [28/Aug/2012:00:02:11 -0700] "GET /favicon.ico HTTP/1.1" 403 1046 "-" "Mozilla/5.0 (X11; Linux x86_64) AppleWebKit/536.11 (KHTML, like Gecko) Chrome/20.0.1132.57 Safari/536.11"
::1 - - [28/Aug/2012:00:02:11 -0700] "GET /index.html HTTP/1.1" 403 1046 "-" "Mozilla/5.0 (X11; Linux x86_64) AppleWebKit/536.11 (KHTML, like Gecko) Chrome/20.0.1132.57 Safari/536.11"
::1 - - [28/Aug/2012:00:02:11 -0700] "GET /favicon.ico HTTP/1.1" 403 1046 "-" "Mozilla/5.0 (X11; Linux x86_64) AppleWebKit/536.11 (KHTML, like Gecko) Chrome/20.0.1132.57 Safari/536.11"
::1 - - [28/Aug/2012:00:02:11 -0700] "GET /index.html HTTP/1.1" 403 1046 "-" "Mozilla/5.0 (X11; Linux x86_64) AppleWebKit/536.11 (KHTML, like Gecko) Chrome/20.0.1132.57 Safari/536.11"
::1 - - [28/Aug/2012:00:02:11 -0700] "GET /favicon.ico HTTP/1.1" 403 1046 "-" "Mozilla/5.0 (X11; Linux x86_64) AppleWebKit/536.11 (KHTML, like Gecko) Chrome/20.0.1132.57 Safari/536.11"
::1 - - [28/Aug/2012:00:02:12 -0700] "GET /index.html HTTP/1.1" 403 1046 "-" "Mozilla/5.0 (X11; Linux x86_64) AppleWebKit/536.11 (KHTML, like Gecko) Chrome/20.0.1132.57 Safari/536.11"
::1 - - [28/Aug/2012:00:02:12 -0700] "GET /favicon.ico HTTP/1.1" 403 1046 "-" "Mozilla/5.0 (X11; Linux x86_64) AppleWebKit/536.11 (KHTML, like Gecko) Chrome/20.0.1132.57 Safari/536.11"
::1 - - [28/Aug/2012:00:02:12 -0700] "GET /index.html HTTP/1.1" 403 1046 "-" "Mozilla/5.0 (X11; Linux x86_64) AppleWebKit/536.11 (KHTML, like Gecko) Chrome/20.0.1132.57 Safari/536.11"
::1 - - [28/Aug/2012:00:02:12 -0700] "GET /favicon.ico HTTP/1.1" 403 1046 "-" "Mozilla/5.0 (X11; Linux x86_64) AppleWebKit/536.11 (KHTML, like Gecko) Chrome/20.0.1132.57 Safari/536.11"
::1 - - [28/Aug/2012:00:02:45 -0700] "GET /index.html HTTP/1.1" 200 156 "-" "Mozilla/5.0 (X11; Linux x86_64) AppleWebKit/536.11 (KHTML, like Gecko) Chrome/20.0.1132.57 Safari/536.11"
::1 - - [28/Aug/2012:00:02:45 -0700] "GET /client_socket.js HTTP/1.1" 200 1968 "http://localhost:6060/index.html" "Mozilla/5.0 (X11; Linux x86_64) AppleWebKit/536.11 (KHTML, like Gecko) Chrome/20.0.1132.57 Safari/536.11"
::1 - - [28/Aug/2012:00:02:45 -0700] "GET /favicon.ico HTTP/1.1" 404 1056 "-" "Mozilla/5.0 (X11; Linux x86_64) AppleWebKit/536.11 (KHTML, like Gecko) Chrome/20.0.1132.57 Safari/536.11"
::1 - - [28/Aug/2012:00:04:28 -0700] "GET /index.html HTTP/1.1" 304 - "-" "Mozilla/5.0 (X11; Linux x86_64) AppleWebKit/536.11 (KHTML, like Gecko) Chrome/20.0.1132.57 Safari/536.11"
::1 - - [28/Aug/2012:00:04:28 -0700] "GET /client_socket.js HTTP/1.1" 200 1968 "http://localhost:6060/index.html" "Mozilla/5.0 (X11; Linux x86_64) AppleWebKit/536.11 (KHTML, like Gecko) Chrome/20.0.1132.57 Safari/536.11"
::1 - - [28/Aug/2012:00:04:28 -0700] "GET /favicon.ico HTTP/1.1" 404 1056 "-" "Mozilla/5.0 (X11; Linux x86_64) AppleWebKit/536.11 (KHTML, like Gecko) Chrome/20.0.1132.57 Safari/536.11"
::1 - - [28/Aug/2012:00:05:50 -0700] "GET /index.html HTTP/1.1" 304 - "-" "Mozilla/5.0 (X11; Linux x86_64) AppleWebKit/536.11 (KHTML, like Gecko) Chrome/20.0.1132.57 Safari/536.11"
::1 - - [28/Aug/2012:00:05:50 -0700] "GET /client_socket.js HTTP/1.1" 304 - "http://localhost:6060/index.html" "Mozilla/5.0 (X11; Linux x86_64) AppleWebKit/536.11 (KHTML, like Gecko) Chrome/20.0.1132.57 Safari/536.11"
::1 - - [28/Aug/2012:00:05:50 -0700] "GET /favicon.ico HTTP/1.1" 404 1056 "-" "Mozilla/5.0 (X11; Linux x86_64) AppleWebKit/536.11 (KHTML, like Gecko) Chrome/20.0.1132.57 Safari/536.11"
::1 - - [28/Aug/2012:00:06:47 -0700] "GET /index.html HTTP/1.1" 304 - "-" "Mozilla/5.0 (X11; Linux x86_64) AppleWebKit/536.11 (KHTML, like Gecko) Chrome/20.0.1132.57 Safari/536.11"
::1 - - [28/Aug/2012:00:06:47 -0700] "GET /client_socket.js HTTP/1.1" 200 1965 "http://localhost:6060/index.html" "Mozilla/5.0 (X11; Linux x86_64) AppleWebKit/536.11 (KHTML, like Gecko) Chrome/20.0.1132.57 Safari/536.11"
::1 - - [28/Aug/2012:00:06:47 -0700] "GET /favicon.ico HTTP/1.1" 404 1056 "-" "Mozilla/5.0 (X11; Linux x86_64) AppleWebKit/536.11 (KHTML, like Gecko) Chrome/20.0.1132.57 Safari/536.11"
::1 - - [28/Aug/2012:00:07:08 -0700] "GET /index.html HTTP/1.1" 304 - "-" "Mozilla/5.0 (X11; Linux x86_64) AppleWebKit/536.11 (KHTML, like Gecko) Chrome/20.0.1132.57 Safari/536.11"
::1 - - [28/Aug/2012:00:07:08 -0700] "GET /client_socket.js HTTP/1.1" 304 - "http://localhost:6060/index.html" "Mozilla/5.0 (X11; Linux x86_64) AppleWebKit/536.11 (KHTML, like Gecko) Chrome/20.0.1132.57 Safari/536.11"
::1 - - [28/Aug/2012:00:07:08 -0700] "GET /favicon.ico HTTP/1.1" 404 1056 "-" "Mozilla/5.0 (X11; Linux x86_64) AppleWebKit/536.11 (KHTML, like Gecko) Chrome/20.0.1132.57 Safari/536.11"
::1 - - [28/Aug/2012:00:07:10 -0700] "GET /index.html HTTP/1.1" 304 - "-" "Mozilla/5.0 (X11; Linux x86_64) AppleWebKit/536.11 (KHTML, like Gecko) Chrome/20.0.1132.57 Safari/536.11"
::1 - - [28/Aug/2012:00:07:10 -0700] "GET /client_socket.js HTTP/1.1" 304 - "http://localhost:6060/index.html" "Mozilla/5.0 (X11; Linux x86_64) AppleWebKit/536.11 (KHTML, like Gecko) Chrome/20.0.1132.57 Safari/536.11"
::1 - - [28/Aug/2012:00:07:10 -0700] "GET /favicon.ico HTTP/1.1" 404 1056 "-" "Mozilla/5.0 (X11; Linux x86_64) AppleWebKit/536.11 (KHTML, like Gecko) Chrome/20.0.1132.57 Safari/536.11"
::1 - - [28/Aug/2012:00:07:34 -0700] "GET /index.html HTTP/1.1" 304 - "-" "Mozilla/5.0 (X11; Linux x86_64) AppleWebKit/536.11 (KHTML, like Gecko) Chrome/20.0.1132.57 Safari/536.11"
::1 - - [28/Aug/2012:00:07:34 -0700] "GET /client_socket.js HTTP/1.1" 200 1966 "http://localhost:6060/index.html" "Mozilla/5.0 (X11; Linux x86_64) AppleWebKit/536.11 (KHTML, like Gecko) Chrome/20.0.1132.57 Safari/536.11"
::1 - - [28/Aug/2012:00:07:34 -0700] "GET /favicon.ico HTTP/1.1" 404 1056 "-" "Mozilla/5.0 (X11; Linux x86_64) AppleWebKit/536.11 (KHTML, like Gecko) Chrome/20.0.1132.57 Safari/536.11"
::1 - - [28/Aug/2012:00:07:35 -0700] "GET /index.html HTTP/1.1" 304 - "-" "Mozilla/5.0 (X11; Linux x86_64) AppleWebKit/536.11 (KHTML, like Gecko) Chrome/20.0.1132.57 Safari/536.11"
::1 - - [28/Aug/2012:00:07:35 -0700] "GET /client_socket.js HTTP/1.1" 304 - "http://localhost:6060/index.html" "Mozilla/5.0 (X11; Linux x86_64) AppleWebKit/536.11 (KHTML, like Gecko) Chrome/20.0.1132.57 Safari/536.11"
::1 - - [28/Aug/2012:00:07:35 -0700] "GET /favicon.ico HTTP/1.1" 404 1056 "-" "Mozilla/5.0 (X11; Linux x86_64) AppleWebKit/536.11 (KHTML, like Gecko) Chrome/20.0.1132.57 Safari/536.11"
::1 - - [28/Aug/2012:00:07:35 -0700] "GET /index.html HTTP/1.1" 304 - "-" "Mozilla/5.0 (X11; Linux x86_64) AppleWebKit/536.11 (KHTML, like Gecko) Chrome/20.0.1132.57 Safari/536.11"
::1 - - [28/Aug/2012:00:07:35 -0700] "GET /client_socket.js HTTP/1.1" 304 - "http://localhost:6060/index.html" "Mozilla/5.0 (X11; Linux x86_64) AppleWebKit/536.11 (KHTML, like Gecko) Chrome/20.0.1132.57 Safari/536.11"
::1 - - [28/Aug/2012:00:07:35 -0700] "GET /favicon.ico HTTP/1.1" 404 1056 "-" "Mozilla/5.0 (X11; Linux x86_64) AppleWebKit/536.11 (KHTML, like Gecko) Chrome/20.0.1132.57 Safari/536.11"
::1 - - [28/Aug/2012:00:07:35 -0700] "GET /index.html HTTP/1.1" 304 - "-" "Mozilla/5.0 (X11; Linux x86_64) AppleWebKit/536.11 (KHTML, like Gecko) Chrome/20.0.1132.57 Safari/536.11"
::1 - - [28/Aug/2012:00:07:35 -0700] "GET /client_socket.js HTTP/1.1" 304 - "http://localhost:6060/index.html" "Mozilla/5.0 (X11; Linux x86_64) AppleWebKit/536.11 (KHTML, like Gecko) Chrome/20.0.1132.57 Safari/536.11"
::1 - - [28/Aug/2012:00:07:35 -0700] "GET /favicon.ico HTTP/1.1" 404 1056 "-" "Mozilla/5.0 (X11; Linux x86_64) AppleWebKit/536.11 (KHTML, like Gecko) Chrome/20.0.1132.57 Safari/536.11"
::1 - - [28/Aug/2012:00:07:49 -0700] "GET /index.html HTTP/1.1" 304 - "-" "Mozilla/5.0 (X11; Linux x86_64) AppleWebKit/536.11 (KHTML, like Gecko) Chrome/20.0.1132.57 Safari/536.11"
::1 - - [28/Aug/2012:00:07:49 -0700] "GET /client_socket.js HTTP/1.1" 200 1966 "http://localhost:6060/index.html" "Mozilla/5.0 (X11; Linux x86_64) AppleWebKit/536.11 (KHTML, like Gecko) Chrome/20.0.1132.57 Safari/536.11"
::1 - - [28/Aug/2012:00:07:49 -0700] "GET /favicon.ico HTTP/1.1" 404 1056 "-" "Mozilla/5.0 (X11; Linux x86_64) AppleWebKit/536.11 (KHTML, like Gecko) Chrome/20.0.1132.57 Safari/536.11"
::1 - - [28/Aug/2012:00:08:13 -0700] "GET /index.html HTTP/1.1" 304 - "-" "Mozilla/5.0 (X11; Linux x86_64) AppleWebKit/536.11 (KHTML, like Gecko) Chrome/20.0.1132.57 Safari/536.11"
::1 - - [28/Aug/2012:00:08:13 -0700] "GET /client_socket.js HTTP/1.1" 304 - "http://localhost:6060/index.html" "Mozilla/5.0 (X11; Linux x86_64) AppleWebKit/536.11 (KHTML, like Gecko) Chrome/20.0.1132.57 Safari/536.11"
::1 - - [28/Aug/2012:00:08:13 -0700] "GET /favicon.ico HTTP/1.1" 404 1056 "-" "Mozilla/5.0 (X11; Linux x86_64) AppleWebKit/536.11 (KHTML, like Gecko) Chrome/20.0.1132.57 Safari/536.11"
::1 - - [28/Aug/2012:00:08:33 -0700] "OPTIONS * HTTP/1.0" 200 - "-" "Apache/2.2.22 (Unix) mod_ssl/2.2.22 OpenSSL/1.0.1c DAV/2 PHP/5.4.4 (internal dummy connection)"
::1 - - [28/Aug/2012:00:08:49 -0700] "GET /index.html HTTP/1.1" 304 - "-" "Mozilla/5.0 (X11; Linux x86_64) AppleWebKit/536.11 (KHTML, like Gecko) Chrome/20.0.1132.57 Safari/536.11"
::1 - - [28/Aug/2012:00:08:49 -0700] "GET /client_socket.js HTTP/1.1" 304 - "http://localhost:6060/index.html" "Mozilla/5.0 (X11; Linux x86_64) AppleWebKit/536.11 (KHTML, like Gecko) Chrome/20.0.1132.57 Safari/536.11"
::1 - - [28/Aug/2012:00:08:49 -0700] "GET /favicon.ico HTTP/1.1" 404 1056 "-" "Mozilla/5.0 (X11; Linux x86_64) AppleWebKit/536.11 (KHTML, like Gecko) Chrome/20.0.1132.57 Safari/536.11"
::1 - - [28/Aug/2012:00:09:39 -0700] "GET /index.html HTTP/1.1" 304 - "-" "Mozilla/5.0 (X11; Linux x86_64) AppleWebKit/536.11 (KHTML, like Gecko) Chrome/20.0.1132.57 Safari/536.11"
::1 - - [28/Aug/2012:00:09:39 -0700] "GET /client_socket.js HTTP/1.1" 304 - "http://localhost:6060/index.html" "Mozilla/5.0 (X11; Linux x86_64) AppleWebKit/536.11 (KHTML, like Gecko) Chrome/20.0.1132.57 Safari/536.11"
::1 - - [28/Aug/2012:00:09:39 -0700] "GET /favicon.ico HTTP/1.1" 404 1056 "-" "Mozilla/5.0 (X11; Linux x86_64) AppleWebKit/536.11 (KHTML, like Gecko) Chrome/20.0.1132.57 Safari/536.11"
::1 - - [28/Aug/2012:00:09:40 -0700] "GET /index.html HTTP/1.1" 304 - "-" "Mozilla/5.0 (X11; Linux x86_64) AppleWebKit/536.11 (KHTML, like Gecko) Chrome/20.0.1132.57 Safari/536.11"
::1 - - [28/Aug/2012:00:09:40 -0700] "GET /client_socket.js HTTP/1.1" 304 - "http://localhost:6060/index.html" "Mozilla/5.0 (X11; Linux x86_64) AppleWebKit/536.11 (KHTML, like Gecko) Chrome/20.0.1132.57 Safari/536.11"
::1 - - [28/Aug/2012:00:09:40 -0700] "GET /favicon.ico HTTP/1.1" 404 1056 "-" "Mozilla/5.0 (X11; Linux x86_64) AppleWebKit/536.11 (KHTML, like Gecko) Chrome/20.0.1132.57 Safari/536.11"
::1 - - [28/Aug/2012:00:09:40 -0700] "GET /index.html HTTP/1.1" 304 - "-" "Mozilla/5.0 (X11; Linux x86_64) AppleWebKit/536.11 (KHTML, like Gecko) Chrome/20.0.1132.57 Safari/536.11"
::1 - - [28/Aug/2012:00:09:40 -0700] "GET /client_socket.js HTTP/1.1" 304 - "http://localhost:6060/index.html" "Mozilla/5.0 (X11; Linux x86_64) AppleWebKit/536.11 (KHTML, like Gecko) Chrome/20.0.1132.57 Safari/536.11"
::1 - - [28/Aug/2012:00:09:40 -0700] "GET /favicon.ico HTTP/1.1" 404 1056 "-" "Mozilla/5.0 (X11; Linux x86_64) AppleWebKit/536.11 (KHTML, like Gecko) Chrome/20.0.1132.57 Safari/536.11"
::1 - - [28/Aug/2012:00:09:40 -0700] "GET /index.html HTTP/1.1" 304 - "-" "Mozilla/5.0 (X11; Linux x86_64) AppleWebKit/536.11 (KHTML, like Gecko) Chrome/20.0.1132.57 Safari/536.11"
::1 - - [28/Aug/2012:00:09:40 -0700] "GET /client_socket.js HTTP/1.1" 304 - "http://localhost:6060/index.html" "Mozilla/5.0 (X11; Linux x86_64) AppleWebKit/536.11 (KHTML, like Gecko) Chrome/20.0.1132.57 Safari/536.11"
::1 - - [28/Aug/2012:00:09:40 -0700] "GET /favicon.ico HTTP/1.1" 404 1056 "-" "Mozilla/5.0 (X11; Linux x86_64) AppleWebKit/536.11 (KHTML, like Gecko) Chrome/20.0.1132.57 Safari/536.11"
::1 - - [28/Aug/2012:00:09:41 -0700] "GET /index.html HTTP/1.1" 304 - "-" "Mozilla/5.0 (X11; Linux x86_64) AppleWebKit/536.11 (KHTML, like Gecko) Chrome/20.0.1132.57 Safari/536.11"
::1 - - [28/Aug/2012:00:09:41 -0700] "GET /client_socket.js HTTP/1.1" 304 - "http://localhost:6060/index.html" "Mozilla/5.0 (X11; Linux x86_64) AppleWebKit/536.11 (KHTML, like Gecko) Chrome/20.0.1132.57 Safari/536.11"
::1 - - [28/Aug/2012:00:09:41 -0700] "GET /favicon.ico HTTP/1.1" 404 1056 "-" "Mozilla/5.0 (X11; Linux x86_64) AppleWebKit/536.11 (KHTML, like Gecko) Chrome/20.0.1132.57 Safari/536.11"
::1 - - [28/Aug/2012:00:10:18 -0700] "GET /index.html HTTP/1.1" 304 - "-" "Mozilla/5.0 (X11; Linux x86_64) AppleWebKit/536.11 (KHTML, like Gecko) Chrome/20.0.1132.57 Safari/536.11"
::1 - - [28/Aug/2012:00:10:18 -0700] "GET /client_socket.js HTTP/1.1" 304 - "http://localhost:6060/index.html" "Mozilla/5.0 (X11; Linux x86_64) AppleWebKit/536.11 (KHTML, like Gecko) Chrome/20.0.1132.57 Safari/536.11"
::1 - - [28/Aug/2012:00:10:18 -0700] "GET /favicon.ico HTTP/1.1" 404 1056 "-" "Mozilla/5.0 (X11; Linux x86_64) AppleWebKit/536.11 (KHTML, like Gecko) Chrome/20.0.1132.57 Safari/536.11"
::1 - - [28/Aug/2012:00:11:52 -0700] "GET /index.html HTTP/1.1" 304 - "-" "Mozilla/5.0 (X11; Linux x86_64) AppleWebKit/536.11 (KHTML, like Gecko) Chrome/20.0.1132.57 Safari/536.11"
::1 - - [28/Aug/2012:00:11:52 -0700] "GET /client_socket.js HTTP/1.1" 304 - "http://localhost:6060/index.html" "Mozilla/5.0 (X11; Linux x86_64) AppleWebKit/536.11 (KHTML, like Gecko) Chrome/20.0.1132.57 Safari/536.11"
::1 - - [28/Aug/2012:00:11:52 -0700] "GET /favicon.ico HTTP/1.1" 404 1056 "-" "Mozilla/5.0 (X11; Linux x86_64) AppleWebKit/536.11 (KHTML, like Gecko) Chrome/20.0.1132.57 Safari/536.11"
::1 - - [28/Aug/2012:00:13:30 -0700] "GET /index.html HTTP/1.1" 304 - "-" "Mozilla/5.0 (X11; Linux x86_64) AppleWebKit/536.11 (KHTML, like Gecko) Chrome/20.0.1132.57 Safari/536.11"
::1 - - [28/Aug/2012:00:13:30 -0700] "GET /client_socket.js HTTP/1.1" 304 - "http://localhost:6060/index.html" "Mozilla/5.0 (X11; Linux x86_64) AppleWebKit/536.11 (KHTML, like Gecko) Chrome/20.0.1132.57 Safari/536.11"
::1 - - [28/Aug/2012:00:13:30 -0700] "GET /favicon.ico HTTP/1.1" 404 1056 "-" "Mozilla/5.0 (X11; Linux x86_64) AppleWebKit/536.11 (KHTML, like Gecko) Chrome/20.0.1132.57 Safari/536.11"
::1 - - [28/Aug/2012:00:14:19 -0700] "GET /index.html HTTP/1.1" 304 - "-" "Mozilla/5.0 (X11; Linux x86_64) AppleWebKit/536.11 (KHTML, like Gecko) Chrome/20.0.1132.57 Safari/536.11"
::1 - - [28/Aug/2012:00:14:19 -0700] "GET /client_socket.js HTTP/1.1" 304 - "http://localhost:6060/index.html" "Mozilla/5.0 (X11; Linux x86_64) AppleWebKit/536.11 (KHTML, like Gecko) Chrome/20.0.1132.57 Safari/536.11"
::1 - - [28/Aug/2012:00:14:19 -0700] "GET /favicon.ico HTTP/1.1" 404 1056 "-" "Mozilla/5.0 (X11; Linux x86_64) AppleWebKit/536.11 (KHTML, like Gecko) Chrome/20.0.1132.57 Safari/536.11"
::1 - - [28/Aug/2012:00:14:19 -0700] "GET /index.html HTTP/1.1" 304 - "-" "Mozilla/5.0 (X11; Linux x86_64) AppleWebKit/536.11 (KHTML, like Gecko) Chrome/20.0.1132.57 Safari/536.11"
::1 - - [28/Aug/2012:00:14:20 -0700] "GET /client_socket.js HTTP/1.1" 304 - "http://localhost:6060/index.html" "Mozilla/5.0 (X11; Linux x86_64) AppleWebKit/536.11 (KHTML, like Gecko) Chrome/20.0.1132.57 Safari/536.11"
::1 - - [28/Aug/2012:00:14:20 -0700] "GET /favicon.ico HTTP/1.1" 404 1056 "-" "Mozilla/5.0 (X11; Linux x86_64) AppleWebKit/536.11 (KHTML, like Gecko) Chrome/20.0.1132.57 Safari/536.11"
::1 - - [28/Aug/2012:00:14:20 -0700] "GET /index.html HTTP/1.1" 304 - "-" "Mozilla/5.0 (X11; Linux x86_64) AppleWebKit/536.11 (KHTML, like Gecko) Chrome/20.0.1132.57 Safari/536.11"
::1 - - [28/Aug/2012:00:14:20 -0700] "GET /client_socket.js HTTP/1.1" 304 - "http://localhost:6060/index.html" "Mozilla/5.0 (X11; Linux x86_64) AppleWebKit/536.11 (KHTML, like Gecko) Chrome/20.0.1132.57 Safari/536.11"
::1 - - [28/Aug/2012:00:14:20 -0700] "GET /favicon.ico HTTP/1.1" 404 1056 "-" "Mozilla/5.0 (X11; Linux x86_64) AppleWebKit/536.11 (KHTML, like Gecko) Chrome/20.0.1132.57 Safari/536.11"
::1 - - [28/Aug/2012:00:14:20 -0700] "GET /index.html HTTP/1.1" 304 - "-" "Mozilla/5.0 (X11; Linux x86_64) AppleWebKit/536.11 (KHTML, like Gecko) Chrome/20.0.1132.57 Safari/536.11"
::1 - - [28/Aug/2012:00:14:20 -0700] "GET /client_socket.js HTTP/1.1" 304 - "http://localhost:6060/index.html" "Mozilla/5.0 (X11; Linux x86_64) AppleWebKit/536.11 (KHTML, like Gecko) Chrome/20.0.1132.57 Safari/536.11"
::1 - - [28/Aug/2012:00:14:20 -0700] "GET /favicon.ico HTTP/1.1" 404 1056 "-" "Mozilla/5.0 (X11; Linux x86_64) AppleWebKit/536.11 (KHTML, like Gecko) Chrome/20.0.1132.57 Safari/536.11"
::1 - - [28/Aug/2012:00:14:20 -0700] "GET /index.html HTTP/1.1" 304 - "-" "Mozilla/5.0 (X11; Linux x86_64) AppleWebKit/536.11 (KHTML, like Gecko) Chrome/20.0.1132.57 Safari/536.11"
::1 - - [28/Aug/2012:00:14:20 -0700] "GET /client_socket.js HTTP/1.1" 304 - "http://localhost:6060/index.html" "Mozilla/5.0 (X11; Linux x86_64) AppleWebKit/536.11 (KHTML, like Gecko) Chrome/20.0.1132.57 Safari/536.11"
::1 - - [28/Aug/2012:00:14:20 -0700] "GET /favicon.ico HTTP/1.1" 404 1056 "-" "Mozilla/5.0 (X11; Linux x86_64) AppleWebKit/536.11 (KHTML, like Gecko) Chrome/20.0.1132.57 Safari/536.11"
::1 - - [28/Aug/2012:00:14:56 -0700] "GET /index.html HTTP/1.1" 304 - "-" "Mozilla/5.0 (X11; Linux x86_64) AppleWebKit/536.11 (KHTML, like Gecko) Chrome/20.0.1132.57 Safari/536.11"
::1 - - [28/Aug/2012:00:14:56 -0700] "GET /client_socket.js HTTP/1.1" 304 - "http://localhost:6060/index.html" "Mozilla/5.0 (X11; Linux x86_64) AppleWebKit/536.11 (KHTML, like Gecko) Chrome/20.0.1132.57 Safari/536.11"
::1 - - [28/Aug/2012:00:14:57 -0700] "GET /favicon.ico HTTP/1.1" 404 1056 "-" "Mozilla/5.0 (X11; Linux x86_64) AppleWebKit/536.11 (KHTML, like Gecko) Chrome/20.0.1132.57 Safari/536.11"
::1 - - [28/Aug/2012:00:15:52 -0700] "GET /index.html HTTP/1.1" 304 - "-" "Mozilla/5.0 (X11; Linux x86_64) AppleWebKit/536.11 (KHTML, like Gecko) Chrome/20.0.1132.57 Safari/536.11"
::1 - - [28/Aug/2012:00:15:52 -0700] "GET /client_socket.js HTTP/1.1" 304 - "http://localhost:6060/index.html" "Mozilla/5.0 (X11; Linux x86_64) AppleWebKit/536.11 (KHTML, like Gecko) Chrome/20.0.1132.57 Safari/536.11"
::1 - - [28/Aug/2012:00:15:52 -0700] "GET /favicon.ico HTTP/1.1" 404 1056 "-" "Mozilla/5.0 (X11; Linux x86_64) AppleWebKit/536.11 (KHTML, like Gecko) Chrome/20.0.1132.57 Safari/536.11"
::1 - - [28/Aug/2012:00:15:53 -0700] "GET /index.html HTTP/1.1" 304 - "-" "Mozilla/5.0 (X11; Linux x86_64) AppleWebKit/536.11 (KHTML, like Gecko) Chrome/20.0.1132.57 Safari/536.11"
::1 - - [28/Aug/2012:00:15:53 -0700] "GET /client_socket.js HTTP/1.1" 304 - "http://localhost:6060/index.html" "Mozilla/5.0 (X11; Linux x86_64) AppleWebKit/536.11 (KHTML, like Gecko) Chrome/20.0.1132.57 Safari/536.11"
::1 - - [28/Aug/2012:00:15:53 -0700] "GET /favicon.ico HTTP/1.1" 404 1056 "-" "Mozilla/5.0 (X11; Linux x86_64) AppleWebKit/536.11 (KHTML, like Gecko) Chrome/20.0.1132.57 Safari/536.11"
::1 - - [28/Aug/2012:00:15:53 -0700] "GET /index.html HTTP/1.1" 304 - "-" "Mozilla/5.0 (X11; Linux x86_64) AppleWebKit/536.11 (KHTML, like Gecko) Chrome/20.0.1132.57 Safari/536.11"
::1 - - [28/Aug/2012:00:15:53 -0700] "GET /client_socket.js HTTP/1.1" 304 - "http://localhost:6060/index.html" "Mozilla/5.0 (X11; Linux x86_64) AppleWebKit/536.11 (KHTML, like Gecko) Chrome/20.0.1132.57 Safari/536.11"
::1 - - [28/Aug/2012:00:15:53 -0700] "GET /favicon.ico HTTP/1.1" 404 1056 "-" "Mozilla/5.0 (X11; Linux x86_64) AppleWebKit/536.11 (KHTML, like Gecko) Chrome/20.0.1132.57 Safari/536.11"
::1 - - [28/Aug/2012:00:17:45 -0700] "GET /index.html HTTP/1.1" 304 - "-" "Mozilla/5.0 (X11; Linux x86_64) AppleWebKit/536.11 (KHTML, like Gecko) Chrome/20.0.1132.57 Safari/536.11"
::1 - - [28/Aug/2012:00:17:45 -0700] "GET /client_socket.js HTTP/1.1" 304 - "http://localhost:6060/index.html" "Mozilla/5.0 (X11; Linux x86_64) AppleWebKit/536.11 (KHTML, like Gecko) Chrome/20.0.1132.57 Safari/536.11"
::1 - - [28/Aug/2012:00:17:45 -0700] "GET /favicon.ico HTTP/1.1" 404 1056 "-" "Mozilla/5.0 (X11; Linux x86_64) AppleWebKit/536.11 (KHTML, like Gecko) Chrome/20.0.1132.57 Safari/536.11"
::1 - - [28/Aug/2012:00:18:01 -0700] "GET /index.html HTTP/1.1" 304 - "-" "Mozilla/5.0 (X11; Linux x86_64) AppleWebKit/536.11 (KHTML, like Gecko) Chrome/20.0.1132.57 Safari/536.11"
::1 - - [28/Aug/2012:00:18:01 -0700] "GET /client_socket.js HTTP/1.1" 304 - "http://localhost:6060/index.html" "Mozilla/5.0 (X11; Linux x86_64) AppleWebKit/536.11 (KHTML, like Gecko) Chrome/20.0.1132.57 Safari/536.11"
::1 - - [28/Aug/2012:00:18:01 -0700] "GET /favicon.ico HTTP/1.1" 404 1056 "-" "Mozilla/5.0 (X11; Linux x86_64) AppleWebKit/536.11 (KHTML, like Gecko) Chrome/20.0.1132.57 Safari/536.11"
::1 - - [28/Aug/2012:00:20:38 -0700] "GET /index.html HTTP/1.1" 304 - "-" "Mozilla/5.0 (X11; Linux x86_64) AppleWebKit/536.11 (KHTML, like Gecko) Chrome/20.0.1132.57 Safari/536.11"
::1 - - [28/Aug/2012:00:20:38 -0700] "GET /client_socket.js HTTP/1.1" 304 - "http://localhost:6060/index.html" "Mozilla/5.0 (X11; Linux x86_64) AppleWebKit/536.11 (KHTML, like Gecko) Chrome/20.0.1132.57 Safari/536.11"
::1 - - [28/Aug/2012:00:20:38 -0700] "GET /favicon.ico HTTP/1.1" 404 1056 "-" "Mozilla/5.0 (X11; Linux x86_64) AppleWebKit/536.11 (KHTML, like Gecko) Chrome/20.0.1132.57 Safari/536.11"
::1 - - [28/Aug/2012:00:23:17 -0700] "GET /index.html HTTP/1.1" 304 - "-" "Mozilla/5.0 (X11; Linux x86_64) AppleWebKit/536.11 (KHTML, like Gecko) Chrome/20.0.1132.57 Safari/536.11"
::1 - - [28/Aug/2012:00:23:17 -0700] "GET /client_socket.js HTTP/1.1" 304 - "http://localhost:6060/index.html" "Mozilla/5.0 (X11; Linux x86_64) AppleWebKit/536.11 (KHTML, like Gecko) Chrome/20.0.1132.57 Safari/536.11"
::1 - - [28/Aug/2012:00:23:17 -0700] "GET /favicon.ico HTTP/1.1" 404 1056 "-" "Mozilla/5.0 (X11; Linux x86_64) AppleWebKit/536.11 (KHTML, like Gecko) Chrome/20.0.1132.57 Safari/536.11"
::1 - - [28/Aug/2012:00:24:55 -0700] "GET /index.html HTTP/1.1" 304 - "-" "Mozilla/5.0 (X11; Linux x86_64) AppleWebKit/536.11 (KHTML, like Gecko) Chrome/20.0.1132.57 Safari/536.11"
::1 - - [28/Aug/2012:00:24:55 -0700] "GET /client_socket.js HTTP/1.1" 304 - "http://localhost:6060/index.html" "Mozilla/5.0 (X11; Linux x86_64) AppleWebKit/536.11 (KHTML, like Gecko) Chrome/20.0.1132.57 Safari/536.11"
::1 - - [28/Aug/2012:00:24:55 -0700] "GET /favicon.ico HTTP/1.1" 404 1056 "-" "Mozilla/5.0 (X11; Linux x86_64) AppleWebKit/536.11 (KHTML, like Gecko) Chrome/20.0.1132.57 Safari/536.11"
::1 - - [28/Aug/2012:00:32:17 -0700] "GET /index.html HTTP/1.1" 304 - "-" "Mozilla/5.0 (X11; Linux x86_64) AppleWebKit/536.11 (KHTML, like Gecko) Chrome/20.0.1132.57 Safari/536.11"
::1 - - [28/Aug/2012:00:32:17 -0700] "GET /client_socket.js HTTP/1.1" 200 2579 "http://localhost:6060/index.html" "Mozilla/5.0 (X11; Linux x86_64) AppleWebKit/536.11 (KHTML, like Gecko) Chrome/20.0.1132.57 Safari/536.11"
::1 - - [28/Aug/2012:00:32:17 -0700] "GET /favicon.ico HTTP/1.1" 404 1056 "-" "Mozilla/5.0 (X11; Linux x86_64) AppleWebKit/536.11 (KHTML, like Gecko) Chrome/20.0.1132.57 Safari/536.11"
::1 - - [28/Aug/2012:00:33:40 -0700] "GET /index.html HTTP/1.1" 304 - "-" "Mozilla/5.0 (X11; Linux x86_64) AppleWebKit/536.11 (KHTML, like Gecko) Chrome/20.0.1132.57 Safari/536.11"
::1 - - [28/Aug/2012:00:33:40 -0700] "GET /client_socket.js HTTP/1.1" 200 2607 "http://localhost:6060/index.html" "Mozilla/5.0 (X11; Linux x86_64) AppleWebKit/536.11 (KHTML, like Gecko) Chrome/20.0.1132.57 Safari/536.11"
::1 - - [28/Aug/2012:00:33:40 -0700] "GET /favicon.ico HTTP/1.1" 404 1056 "-" "Mozilla/5.0 (X11; Linux x86_64) AppleWebKit/536.11 (KHTML, like Gecko) Chrome/20.0.1132.57 Safari/536.11"
::1 - - [28/Aug/2012:00:35:06 -0700] "GET /index.html HTTP/1.1" 304 - "-" "Mozilla/5.0 (X11; Linux x86_64) AppleWebKit/536.11 (KHTML, like Gecko) Chrome/20.0.1132.57 Safari/536.11"
::1 - - [28/Aug/2012:00:35:06 -0700] "GET /client_socket.js HTTP/1.1" 200 2627 "http://localhost:6060/index.html" "Mozilla/5.0 (X11; Linux x86_64) AppleWebKit/536.11 (KHTML, like Gecko) Chrome/20.0.1132.57 Safari/536.11"
::1 - - [28/Aug/2012:00:35:06 -0700] "GET /favicon.ico HTTP/1.1" 404 1056 "-" "Mozilla/5.0 (X11; Linux x86_64) AppleWebKit/536.11 (KHTML, like Gecko) Chrome/20.0.1132.57 Safari/536.11"
::1 - - [28/Aug/2012:00:35:35 -0700] "GET /index.html HTTP/1.1" 304 - "-" "Mozilla/5.0 (X11; Linux x86_64) AppleWebKit/536.11 (KHTML, like Gecko) Chrome/20.0.1132.57 Safari/536.11"
::1 - - [28/Aug/2012:00:35:35 -0700] "GET /client_socket.js HTTP/1.1" 200 2648 "http://localhost:6060/index.html" "Mozilla/5.0 (X11; Linux x86_64) AppleWebKit/536.11 (KHTML, like Gecko) Chrome/20.0.1132.57 Safari/536.11"
::1 - - [28/Aug/2012:00:35:35 -0700] "GET /favicon.ico HTTP/1.1" 404 1056 "-" "Mozilla/5.0 (X11; Linux x86_64) AppleWebKit/536.11 (KHTML, like Gecko) Chrome/20.0.1132.57 Safari/536.11"
::1 - - [28/Aug/2012:00:37:43 -0700] "GET /index.html HTTP/1.1" 304 - "-" "Mozilla/5.0 (X11; Linux x86_64) AppleWebKit/536.11 (KHTML, like Gecko) Chrome/20.0.1132.57 Safari/536.11"
::1 - - [28/Aug/2012:00:37:43 -0700] "GET /client_socket.js HTTP/1.1" 304 - "http://localhost:6060/index.html" "Mozilla/5.0 (X11; Linux x86_64) AppleWebKit/536.11 (KHTML, like Gecko) Chrome/20.0.1132.57 Safari/536.11"
::1 - - [28/Aug/2012:00:37:43 -0700] "GET /favicon.ico HTTP/1.1" 404 1056 "-" "Mozilla/5.0 (X11; Linux x86_64) AppleWebKit/536.11 (KHTML, like Gecko) Chrome/20.0.1132.57 Safari/536.11"
::1 - - [28/Aug/2012:00:39:52 -0700] "OPTIONS * HTTP/1.0" 200 - "-" "Apache/2.2.22 (Unix) mod_ssl/2.2.22 OpenSSL/1.0.1c DAV/2 PHP/5.4.4 (internal dummy connection)"
::1 - - [28/Aug/2012:00:40:06 -0700] "GET /index.html HTTP/1.1" 304 - "-" "Mozilla/5.0 (X11; Linux x86_64) AppleWebKit/536.11 (KHTML, like Gecko) Chrome/20.0.1132.57 Safari/536.11"
::1 - - [28/Aug/2012:00:40:06 -0700] "GET /client_socket.js HTTP/1.1" 304 - "http://localhost:6060/index.html" "Mozilla/5.0 (X11; Linux x86_64) AppleWebKit/536.11 (KHTML, like Gecko) Chrome/20.0.1132.57 Safari/536.11"
::1 - - [28/Aug/2012:00:40:06 -0700] "GET /favicon.ico HTTP/1.1" 404 1056 "-" "Mozilla/5.0 (X11; Linux x86_64) AppleWebKit/536.11 (KHTML, like Gecko) Chrome/20.0.1132.57 Safari/536.11"
::1 - - [28/Aug/2012:00:43:44 -0700] "GET /index.html HTTP/1.1" 304 - "-" "Mozilla/5.0 (X11; Linux x86_64) AppleWebKit/536.11 (KHTML, like Gecko) Chrome/20.0.1132.57 Safari/536.11"
::1 - - [28/Aug/2012:00:43:44 -0700] "GET /client_socket.js HTTP/1.1" 304 - "http://localhost:6060/index.html" "Mozilla/5.0 (X11; Linux x86_64) AppleWebKit/536.11 (KHTML, like Gecko) Chrome/20.0.1132.57 Safari/536.11"
::1 - - [28/Aug/2012:00:43:44 -0700] "GET /favicon.ico HTTP/1.1" 404 1056 "-" "Mozilla/5.0 (X11; Linux x86_64) AppleWebKit/536.11 (KHTML, like Gecko) Chrome/20.0.1132.57 Safari/536.11"
::1 - - [28/Aug/2012:00:45:11 -0700] "OPTIONS * HTTP/1.0" 200 - "-" "Apache/2.2.22 (Unix) mod_ssl/2.2.22 OpenSSL/1.0.1c DAV/2 PHP/5.4.4 (internal dummy connection)"
::1 - - [28/Aug/2012:00:45:28 -0700] "GET /index.html HTTP/1.1" 304 - "-" "Mozilla/5.0 (X11; Linux x86_64) AppleWebKit/536.11 (KHTML, like Gecko) Chrome/20.0.1132.57 Safari/536.11"
::1 - - [28/Aug/2012:00:45:28 -0700] "GET /client_socket.js HTTP/1.1" 304 - "http://localhost:6060/index.html" "Mozilla/5.0 (X11; Linux x86_64) AppleWebKit/536.11 (KHTML, like Gecko) Chrome/20.0.1132.57 Safari/536.11"
::1 - - [28/Aug/2012:00:45:28 -0700] "GET /favicon.ico HTTP/1.1" 404 1056 "-" "Mozilla/5.0 (X11; Linux x86_64) AppleWebKit/536.11 (KHTML, like Gecko) Chrome/20.0.1132.57 Safari/536.11"
::1 - - [28/Aug/2012:00:47:36 -0700] "GET /index.html HTTP/1.1" 304 - "-" "Mozilla/5.0 (X11; Linux x86_64) AppleWebKit/536.11 (KHTML, like Gecko) Chrome/20.0.1132.57 Safari/536.11"
::1 - - [28/Aug/2012:00:47:36 -0700] "GET /client_socket.js HTTP/1.1" 200 2669 "http://localhost:6060/index.html" "Mozilla/5.0 (X11; Linux x86_64) AppleWebKit/536.11 (KHTML, like Gecko) Chrome/20.0.1132.57 Safari/536.11"
::1 - - [28/Aug/2012:00:47:36 -0700] "GET /favicon.ico HTTP/1.1" 404 1056 "-" "Mozilla/5.0 (X11; Linux x86_64) AppleWebKit/536.11 (KHTML, like Gecko) Chrome/20.0.1132.57 Safari/536.11"
::1 - - [28/Aug/2012:00:47:50 -0700] "GET /index.html HTTP/1.1" 304 - "-" "Mozilla/5.0 (X11; Linux x86_64) AppleWebKit/536.11 (KHTML, like Gecko) Chrome/20.0.1132.57 Safari/536.11"
::1 - - [28/Aug/2012:00:47:50 -0700] "GET /client_socket.js HTTP/1.1" 304 - "http://localhost:6060/index.html" "Mozilla/5.0 (X11; Linux x86_64) AppleWebKit/536.11 (KHTML, like Gecko) Chrome/20.0.1132.57 Safari/536.11"
::1 - - [28/Aug/2012:00:47:50 -0700] "GET /favicon.ico HTTP/1.1" 404 1056 "-" "Mozilla/5.0 (X11; Linux x86_64) AppleWebKit/536.11 (KHTML, like Gecko) Chrome/20.0.1132.57 Safari/536.11"
::1 - - [28/Aug/2012:00:50:21 -0700] "GET /index.html HTTP/1.1" 304 - "-" "Mozilla/5.0 (X11; Linux x86_64) AppleWebKit/536.11 (KHTML, like Gecko) Chrome/20.0.1132.57 Safari/536.11"
::1 - - [28/Aug/2012:00:50:21 -0700] "GET /client_socket.js HTTP/1.1" 200 2669 "http://localhost:6060/index.html" "Mozilla/5.0 (X11; Linux x86_64) AppleWebKit/536.11 (KHTML, like Gecko) Chrome/20.0.1132.57 Safari/536.11"
::1 - - [28/Aug/2012:00:50:21 -0700] "GET /favicon.ico HTTP/1.1" 404 1056 "-" "Mozilla/5.0 (X11; Linux x86_64) AppleWebKit/536.11 (KHTML, like Gecko) Chrome/20.0.1132.57 Safari/536.11"
50.131.15.127 - - [28/Aug/2012:00:51:57 -0700] "GET /index.html HTTP/1.1" 200 156 "-" "Mozilla/5.0 (X11; Linux x86_64) AppleWebKit/536.11 (KHTML, like Gecko) Chrome/20.0.1132.57 Safari/536.11"
50.131.15.127 - - [28/Aug/2012:00:51:58 -0700] "GET /client_socket.js HTTP/1.1" 200 2669 "http://50.131.15.127:6060/index.html" "Mozilla/5.0 (X11; Linux x86_64) AppleWebKit/536.11 (KHTML, like Gecko) Chrome/20.0.1132.57 Safari/536.11"
50.131.15.127 - - [28/Aug/2012:00:51:58 -0700] "GET /favicon.ico HTTP/1.1" 404 1060 "-" "Mozilla/5.0 (X11; Linux x86_64) AppleWebKit/536.11 (KHTML, like Gecko) Chrome/20.0.1132.57 Safari/536.11"
